Build started 3/24/2012 5:43:27 PM.
Project "C:\Users\Jen Guan\documents\visual studio 2010\Projects\cmpe220macroprocessor\cmpe220macroprocessor\cmpe220macroprocessor.vcxproj" on node 2 (build target(s)).
InitializeBuildStatus:
  Touching "Debug\cmpe220macroprocessor.unsuccessfulbuild".
ClCompile:
  All outputs are up-to-date.
  C:\Program Files (x86)\Microsoft Visual Studio 10.0\VC\bin\CL.exe /c /ZI /nologo /W3 /WX- /Od /Oy- /D WIN32 /D _DEBUG /D _CONSOLE /D _UNICODE /D UNICODE /Gm /EHsc /RTC1 /MDd /GS /fp:precise /Zc:wchar_t /Zc:forScope /Yu"StdAfx.h" /Fp"Debug\cmpe220macroprocessor.pch" /Fo"Debug\\" /Fd"Debug\vc100.pdb" /Gd /TP /analyze- /errorReport:prompt cmpe220macroprocessor.cpp
  cmpe220macroprocessor.cpp
c:\users\jen guan\documents\visual studio 2010\projects\cmpe220macroprocessor\cmpe220macroprocessor\cmpe220macroprocessor.cpp(91): warning C4996: 'fopen': This function or variable may be unsafe. Consider using fopen_s instead. To disable deprecation, use _CRT_SECURE_NO_WARNINGS. See online help for details.
          c:\program files (x86)\microsoft visual studio 10.0\vc\include\stdio.h(234) : see declaration of 'fopen'
c:\users\jen guan\documents\visual studio 2010\projects\cmpe220macroprocessor\cmpe220macroprocessor\cmpe220macroprocessor.cpp(111): warning C4996: 'fopen': This function or variable may be unsafe. Consider using fopen_s instead. To disable deprecation, use _CRT_SECURE_NO_WARNINGS. See online help for details.
          c:\program files (x86)\microsoft visual studio 10.0\vc\include\stdio.h(234) : see declaration of 'fopen'
ManifestResourceCompile:
  All outputs are up-to-date.
Link:
  C:\Program Files (x86)\Microsoft Visual Studio 10.0\VC\bin\link.exe /ERRORREPORT:PROMPT /OUT:"C:\Users\Jen Guan\documents\visual studio 2010\Projects\cmpe220macroprocessor\Debug\cmpe220macroprocessor.exe" /INCREMENTAL /NOLOGO kernel32.lib user32.lib gdi32.lib winspool.lib comdlg32.lib advapi32.lib shell32.lib ole32.lib oleaut32.lib uuid.lib odbc32.lib odbccp32.lib /MANIFEST /ManifestFile:"Debug\cmpe220macroprocessor.exe.intermediate.manifest" /MANIFESTUAC:"level='asInvoker' uiAccess='false'" /DEBUG /PDB:"C:\Users\Jen Guan\documents\visual studio 2010\Projects\cmpe220macroprocessor\Debug\cmpe220macroprocessor.pdb" /SUBSYSTEM:CONSOLE /TLBID:1 /DYNAMICBASE /NXCOMPAT /IMPLIB:"C:\Users\Jen Guan\documents\visual studio 2010\Projects\cmpe220macroprocessor\Debug\cmpe220macroprocessor.lib" /MACHINE:X86 Debug\cmpe220macroprocessor.exe.embed.manifest.res
  Debug\cmpe220macroprocessor.obj
  Debug\stdafx.obj
Manifest:
  C:\Program Files (x86)\Microsoft SDKs\Windows\v7.0A\bin\mt.exe /nologo /verbose /out:"Debug\cmpe220macroprocessor.exe.embed.manifest" /manifest Debug\cmpe220macroprocessor.exe.intermediate.manifest
  All outputs are up-to-date.
LinkEmbedManifest:
  All outputs are up-to-date.
  cmpe220macroprocessor.vcxproj -> C:\Users\Jen Guan\documents\visual studio 2010\Projects\cmpe220macroprocessor\Debug\cmpe220macroprocessor.exe
FinalizeBuildStatus:
  Deleting file "Debug\cmpe220macroprocessor.unsuccessfulbuild".
  Touching "Debug\cmpe220macroprocessor.lastbuildstate".
Done Building Project "C:\Users\Jen Guan\documents\visual studio 2010\Projects\cmpe220macroprocessor\cmpe220macroprocessor\cmpe220macroprocessor.vcxproj" (build target(s)).

Build succeeded.

Time Elapsed 00:00:07.54
